[2024-03-28_14-25-41]
get_isPlaying can only be called from the main thread.
Constructors and field initializers will be executed from the loading thread when loading a scene.
Don't use this function in the constructor or field initializers, instead move initialization code to the Awake or Start function.
  at (wrapper managed-to-native) UnityEditor.EditorApplication.get_isPlaying()
  at UnityEditor.UIElements.VisualTreeAssetChangeTrackerUpdater.OnVersionChanged (UnityEngine.UIElements.VisualElement ve, UnityEngine.UIElements.VersionChangeType versionChangeType) [0x0000e] in <6b1405e82d454258a8fbde4cb0621937>:0 
  at UnityEditor.UIElements.VisualTreeEditorUpdater.OnVersionChanged (UnityEngine.UIElements.VisualElement ve, UnityEngine.UIElements.VersionChangeType versionChangeType) [0x00013] in <6b1405e82d454258a8fbde4cb0621937>:0 
  at UnityEngine.UIElements.VisualTreeUpdater.OnVersionChanged (UnityEngine.UIElements.VisualElement ve, UnityEngine.UIElements.VersionChangeType versionChangeType) [0x00007] in <5566f9e97c3b47c3802abbb5405c3a92>:0 
  at UnityEngine.UIElements.Panel.OnVersionChanged (UnityEngine.UIElements.VisualElement ve, UnityEngine.UIElements.VersionChangeType versionChangeType) [0x0000f] in <5566f9e97c3b47c3802abbb5405c3a92>:0 
  at UnityEngine.UIElements.VisualElement.IncrementVersion (UnityEngine.UIElements.VersionChangeType changeType) [0x0000b] in <5566f9e97c3b47c3802abbb5405c3a92>:0 
  at UnityEngine.UIElements.InlineStyleAccess.UnityEngine.UIElements.IStyle.set_display (UnityEngine.UIElements.StyleEnum`1[T] value) [0x00018] in <5566f9e97c3b47c3802abbb5405c3a92>:0 
  at System.TipWindows.ProgressTipMessage.SetProgress (System.Int32 value, System.Int32 max) [0x00001] in E:\Project Files\Unity\AI-Translator\Assets\Scripts\System\TipWindows\ProgressTipMessage.cs:66 
  at System.TipWindows.ProgressTipMessage.SetProgressWithText (System.Int32 value, System.Int32 max, System.String text) [0x00001] in E:\Project Files\Unity\AI-Translator\Assets\Scripts\System\TipWindows\ProgressTipMessage.cs:79 
  at System.WorkSpace.Form.TextForm.TextForm+<>c__DisplayClass1_0.<InitData>b__0 () [0x00009] in E:\Project Files\Unity\AI-Translator\Assets\Scripts\System\WorkSpace\Form\TextForm\TextForm.cs:60 
  at System.Threading.Tasks.Task.InnerInvoke () [0x0000f] in <1334a096378c46d2bd2be2db1a37116e>:0 
  at System.Threading.Tasks.Task.Execute () [0x00000] in <1334a096378c46d2bd2be2db1a37116e>:0 
--- End of stack trace from previous location where exception was thrown ---

  at System.WorkSpace.Form.TextForm.TextForm.InitData (System.Explorer.ExplorerNodeData explorerNodeData, System.TipWindows.TipMessage tipMessage) [0x00175] in E:\Project Files\Unity\AI-Translator\Assets\Scripts\System\WorkSpace\Form\TextForm\TextForm.cs:56 
  at System.WorkSpace.Form.BaseFileForm.InitWindowAsync () [0x00085] in E:\Project Files\Unity\AI-Translator\Assets\Scripts\System\WorkSpace\Form\BaseFileForm.cs:258 
  at System.WorkSpace.Form.BaseFileForm.InitWindow (System.Explorer.ExplorerNodeData explorerNodeData) [0x00326] in E:\Project Files\Unity\AI-Translator\Assets\Scripts\System\WorkSpace\Form\BaseFileForm.cs:115 
mscorlib
[2024-03-28_14-40-29]
Specified argument was out of the range of valid values.
Parameter name: i
  at System.Text.RegularExpressions.MatchCollection.get_Item (System.Int32 i) [0x00016] in <ac9a71325ef54cff92d92c6065ca43a6>:0 
  at System.WorkSpace.Form.TextForm.TextForm.InitData (System.Explorer.ExplorerNodeData explorerNodeData, System.TipWindows.TipMessage tipMessage) [0x00151] in E:\Project Files\Unity\AI-Translator\Assets\Scripts\System\WorkSpace\Form\TextForm\TextForm.cs:78 
  at System.WorkSpace.Form.BaseFileForm.InitWindowAsync () [0x00085] in E:\Project Files\Unity\AI-Translator\Assets\Scripts\System\WorkSpace\Form\BaseFileForm.cs:258 
  at System.WorkSpace.Form.BaseFileForm.InitWindow (System.Explorer.ExplorerNodeData explorerNodeData) [0x00326] in E:\Project Files\Unity\AI-Translator\Assets\Scripts\System\WorkSpace\Form\BaseFileForm.cs:115 
mscorlib
[2024-03-28_14-43-54]
Specified argument was out of the range of valid values.
Parameter name: i
  at System.Text.RegularExpressions.MatchCollection.get_Item (System.Int32 i) [0x00016] in <ac9a71325ef54cff92d92c6065ca43a6>:0 
  at System.WorkSpace.Form.TextForm.TextForm.InitData (System.Explorer.ExplorerNodeData explorerNodeData, System.TipWindows.TipMessage tipMessage) [0x00500] in E:\Project Files\Unity\AI-Translator\Assets\Scripts\System\WorkSpace\Form\TextForm\TextForm.cs:144 
  at System.WorkSpace.Form.BaseFileForm.InitWindowAsync () [0x00085] in E:\Project Files\Unity\AI-Translator\Assets\Scripts\System\WorkSpace\Form\BaseFileForm.cs:258 
  at System.WorkSpace.Form.BaseFileForm.InitWindow (System.Explorer.ExplorerNodeData explorerNodeData) [0x00326] in E:\Project Files\Unity\AI-Translator\Assets\Scripts\System\WorkSpace\Form\BaseFileForm.cs:115 
mscorlib
[2024-03-28_15-01-51]
get_timeSinceStartup can only be called from the main thread.
Constructors and field initializers will be executed from the loading thread when loading a scene.
Don't use this function in the constructor or field initializers, instead move initialization code to the Awake or Start function.
  at (wrapper managed-to-native) UnityEditor.EditorApplication.get_timeSinceStartup()
  at UnityEditor.RetainedMode+<>c.<.cctor>b__0_0 () [0x00000] in <6b1405e82d454258a8fbde4cb0621937>:0 
  at UnityEngine.UIElements.Panel.TimeSinceStartupMs () [0x0000f] in <5566f9e97c3b47c3802abbb5405c3a92>:0 
  at UnityEngine.UIElements.EventBase.LocalInit () [0x00001] in <5566f9e97c3b47c3802abbb5405c3a92>:0 
  at UnityEngine.UIElements.EventBase.Init () [0x00001] in <5566f9e97c3b47c3802abbb5405c3a92>:0 
  at UnityEngine.UIElements.EventBase`1[T].Init () [0x00001] in <5566f9e97c3b47c3802abbb5405c3a92>:0 
  at UnityEngine.UIElements.ChangeEvent`1[T].Init () [0x00001] in <5566f9e97c3b47c3802abbb5405c3a92>:0 
  at UnityEngine.UIElements.EventBase`1[T].GetPooled () [0x0000c] in <5566f9e97c3b47c3802abbb5405c3a92>:0 
  at UnityEngine.UIElements.ChangeEvent`1[T].GetPooled (T previousValue, T newValue) [0x00001] in <5566f9e97c3b47c3802abbb5405c3a92>:0 
  at UnityEngine.UIElements.TextElement.UnityEngine.UIElements.INotifyValueChanged<System.String>.set_value (System.String value) [0x00026] in <5566f9e97c3b47c3802abbb5405c3a92>:0 
  at UnityEngine.UIElements.TextElement.set_text (System.String value) [0x00000] in <5566f9e97c3b47c3802abbb5405c3a92>:0 
  at System.TipWindows.ProgressTipMessage.SetText (System.String str) [0x00039] in E:\Project Files\Unity\AI-Translator\Assets\Scripts\System\TipWindows\ProgressTipMessage.cs:90 
  at System.WorkSpace.Form.TextForm.TextForm+<>c__DisplayClass1_0.<InitData>b__0 () [0x0001a] in E:\Project Files\Unity\AI-Translator\Assets\Scripts\System\WorkSpace\Form\TextForm\TextForm.cs:37 
  at System.Threading.Tasks.Task.InnerInvoke () [0x0000f] in <1334a096378c46d2bd2be2db1a37116e>:0 
  at System.Threading.Tasks.Task.Execute () [0x00000] in <1334a096378c46d2bd2be2db1a37116e>:0 
--- End of stack trace from previous location where exception was thrown ---

  at System.WorkSpace.Form.TextForm.TextForm.InitData (System.Explorer.ExplorerNodeData explorerNodeData, System.TipWindows.TipMessage tipMessage) [0x000e3] in E:\Project Files\Unity\AI-Translator\Assets\Scripts\System\WorkSpace\Form\TextForm\TextForm.cs:32 
  at System.WorkSpace.Form.BaseFileForm.InitWindowAsync () [0x00085] in E:\Project Files\Unity\AI-Translator\Assets\Scripts\System\WorkSpace\Form\BaseFileForm.cs:258 
  at System.WorkSpace.Form.BaseFileForm.InitWindow (System.Explorer.ExplorerNodeData explorerNodeData) [0x00326] in E:\Project Files\Unity\AI-Translator\Assets\Scripts\System\WorkSpace\Form\BaseFileForm.cs:115 
mscorlib
